<?xml version="1.0" encoding="UTF-8"?>
<!-- Generated by org.testng.reporters.JUnitReportReporter -->
<testsuite skipped="0" hostname="Dhruba" name="com.qa.BankOfAmerica.AccountManagement.TestNG.TestC" tests="4" failures="0" timestamp="04 Jan 2019 14:28:12 GMT" time="0.016" errors="0">
  <testcase name="apiAutoLoan" time="0.016" classname="com.qa.BankOfAmerica.AccountManagement.TestNG.TestC"/>
  <testcase name="apiEducationLoan" time="0.000" classname="com.qa.BankOfAmerica.AccountManagement.TestNG.TestC"/>
  <testcase name="apiBusinessLoan" time="0.000" classname="com.qa.BankOfAmerica.AccountManagement.TestNG.TestC"/>
  <testcase name="apiHomeLoan" time="0.000" classname="com.qa.BankOfAmerica.AccountManagement.TestNG.TestC"/>
</testsuite> <!-- com.qa.BankOfAmerica.AccountManagement.TestNG.TestC -->
