<?xml version="1.0" encoding="UTF-8"?>
<!-- Generated by org.testng.reporters.JUnitReportReporter -->
<testsuite skipped="0" hostname="Dhruba" name="com.qa.BankOfAmerica.AccountManagement.Selenium.TestBase" tests="2" failures="0" timestamp="04 Jan 2019 19:40:55 GMT" time="19.009" errors="0">
  <testcase name="logIn" time="10.791" classname="com.qa.BankOfAmerica.AccountManagement.Selenium.TestBase"/>
  <testcase name="register" time="8.218" classname="com.qa.BankOfAmerica.AccountManagement.Selenium.TestBase"/>
</testsuite> <!-- com.qa.BankOfAmerica.AccountManagement.Selenium.TestBase -->
