<?xml version="1.0" encoding="UTF-8"?>
<!-- Generated by org.testng.reporters.JUnitReportReporter -->
<testsuite skipped="0" hostname="Dhruba" name="com.qa.BankOfAmerica.AccountManagement.TestNG.MethodTest" tests="5" failures="0" timestamp="04 Jan 2019 19:30:07 GMT" time="0.018" errors="0">
  <testcase name="demoTest1" time="0.005" classname="com.qa.BankOfAmerica.AccountManagement.TestNG.MethodTest"/>
  <testcase name="test" time="0.002" classname="com.qa.BankOfAmerica.AccountManagement.TestNG.MethodTest"/>
  <testcase name="demoTest" time="0.006" classname="com.qa.BankOfAmerica.AccountManagement.TestNG.MethodTest"/>
  <testcase name="demoTest3" time="0.003" classname="com.qa.BankOfAmerica.AccountManagement.TestNG.MethodTest"/>
  <testcase name="demoTest2" time="0.002" classname="com.qa.BankOfAmerica.AccountManagement.TestNG.MethodTest"/>
</testsuite> <!-- com.qa.BankOfAmerica.AccountManagement.TestNG.MethodTest -->
