<?xml version="1.0" encoding="UTF-8"?>
<!-- Generated by org.testng.reporters.JUnitReportReporter -->
<testsuite skipped="0" hostname="Dhruba" name="com.qa.BankOfAmerica.AccountManagement.TestNG.ApiTest" tests="4" failures="0" timestamp="04 Jan 2019 19:30:07 GMT" time="0.006" errors="0">
  <testcase name="apiEducationLoan" time="0.001" classname="com.qa.BankOfAmerica.AccountManagement.TestNG.ApiTest"/>
  <testcase name="apiHomeLoan" time="0.002" classname="com.qa.BankOfAmerica.AccountManagement.TestNG.ApiTest"/>
  <testcase name="apiAutoLoan" time="0.002" classname="com.qa.BankOfAmerica.AccountManagement.TestNG.ApiTest"/>
  <testcase name="apiBusinessLoan" time="0.001" classname="com.qa.BankOfAmerica.AccountManagement.TestNG.ApiTest"/>
</testsuite> <!-- com.qa.BankOfAmerica.AccountManagement.TestNG.ApiTest -->
