<?xml version="1.0" encoding="UTF-8"?>
<!-- Generated by org.testng.reporters.JUnitReportReporter -->
<testsuite skipped="0" hostname="Dhruba" name="com.qa.BankOfAmerica.AccountManagement.TestNG.PrivateTest" tests="4" failures="0" timestamp="04 Jan 2019 19:30:27 GMT" time="0.005" errors="0">
  <testcase name="privateEducationLoan" time="0.001" classname="com.qa.BankOfAmerica.AccountManagement.TestNG.PrivateTest"/>
  <testcase name="webBusinessLoan" time="0.001" classname="com.qa.BankOfAmerica.AccountManagement.TestNG.PrivateTest"/>
  <testcase name="webHomeLoan" time="0.002" classname="com.qa.BankOfAmerica.AccountManagement.TestNG.PrivateTest"/>
  <testcase name="privateAutoLoan" time="0.001" classname="com.qa.BankOfAmerica.AccountManagement.TestNG.PrivateTest"/>
</testsuite> <!-- com.qa.BankOfAmerica.AccountManagement.TestNG.PrivateTest -->
