<?xml version="1.0" encoding="UTF-8"?>
<!-- Generated by org.testng.reporters.JUnitReportReporter -->
<testsuite skipped="0" hostname="Dhruba" name="com.qa.BankOfAmerica.AccountManagement.TestNG.ParameterizationTest" tests="4" failures="0" timestamp="04 Jan 2019 19:30:07 GMT" time="0.008" errors="0">
  <testcase name="paraHomeLoan" time="0.001" classname="com.qa.BankOfAmerica.AccountManagement.TestNG.ParameterizationTest"/>
  <testcase name="paraAutoLoan" time="0.002" classname="com.qa.BankOfAmerica.AccountManagement.TestNG.ParameterizationTest"/>
  <testcase name="paraBusinessLoan" time="0.002" classname="com.qa.BankOfAmerica.AccountManagement.TestNG.ParameterizationTest"/>
  <testcase name="paraEducationLoan" time="0.003" classname="com.qa.BankOfAmerica.AccountManagement.TestNG.ParameterizationTest"/>
</testsuite> <!-- com.qa.BankOfAmerica.AccountManagement.TestNG.ParameterizationTest -->
