<?xml version="1.0" encoding="UTF-8"?>
<!-- Generated by org.testng.reporters.JUnitReportReporter -->
<testsuite skipped="0" hostname="Dhruba" name="com.qa.BankOfAmerica.AccountManagement.TestNG.TestA" tests="4" failures="0" timestamp="04 Jan 2019 14:24:48 GMT" time="0.016" errors="0">
  <testcase name="webAutoLoan" time="0.016" classname="com.qa.BankOfAmerica.AccountManagement.TestNG.TestA"/>
  <testcase name="webEducationLoan" time="0.000" classname="com.qa.BankOfAmerica.AccountManagement.TestNG.TestA"/>
  <testcase name="webBusinessLoan" time="0.000" classname="com.qa.BankOfAmerica.AccountManagement.TestNG.TestA"/>
  <testcase name="webHomeLoan" time="0.000" classname="com.qa.BankOfAmerica.AccountManagement.TestNG.TestA"/>
</testsuite> <!-- com.qa.BankOfAmerica.AccountManagement.TestNG.TestA -->
