<?xml version="1.0" encoding="UTF-8"?>
<!-- Generated by org.testng.reporters.JUnitReportReporter -->
<testsuite skipped="0" hostname="Dhruba" name="com.qa.BankOfAmerica.AccountManagement.TestNG.DataProviderTest" tests="10" failures="0" timestamp="04 Jan 2019 19:30:07 GMT" time="0.014" errors="0">
  <testcase name="dataProviderEducationLoan" time="0.001" classname="com.qa.BankOfAmerica.AccountManagement.TestNG.DataProviderTest"/>
  <testcase name="dataProviderEducationLoan" time="0.002" classname="com.qa.BankOfAmerica.AccountManagement.TestNG.DataProviderTest"/>
  <testcase name="dataProviderHomeLoan" time="0.003" classname="com.qa.BankOfAmerica.AccountManagement.TestNG.DataProviderTest"/>
  <testcase name="dataProviderBusinessLoan" time="0.001" classname="com.qa.BankOfAmerica.AccountManagement.TestNG.DataProviderTest"/>
  <testcase name="dataProviderAutoLoan" time="0.001" classname="com.qa.BankOfAmerica.AccountManagement.TestNG.DataProviderTest"/>
  <testcase name="dataProviderBusinessLoan" time="0.001" classname="com.qa.BankOfAmerica.AccountManagement.TestNG.DataProviderTest"/>
  <testcase name="dataProviderBusinessLoan" time="0.001" classname="com.qa.BankOfAmerica.AccountManagement.TestNG.DataProviderTest"/>
  <testcase name="dataProviderBusinessLoan" time="0.001" classname="com.qa.BankOfAmerica.AccountManagement.TestNG.DataProviderTest"/>
  <testcase name="dataProviderBusinessLoan" time="0.002" classname="com.qa.BankOfAmerica.AccountManagement.TestNG.DataProviderTest"/>
  <testcase name="dataProviderEducationLoan" time="0.001" classname="com.qa.BankOfAmerica.AccountManagement.TestNG.DataProviderTest"/>
</testsuite> <!-- com.qa.BankOfAmerica.AccountManagement.TestNG.DataProviderTest -->
