<?xml version="1.0" encoding="UTF-8"?>
<!-- Generated by org.testng.reporters.JUnitReportReporter -->
<testsuite skipped="0" hostname="Dhruba" name="com.qa.BankOfAmerica.AccountManagement.TestNG.PersonalTest" tests="4" failures="0" timestamp="04 Jan 2019 19:30:27 GMT" time="0.006" errors="0">
  <testcase name="personalBusinessLoan" time="0.002" classname="com.qa.BankOfAmerica.AccountManagement.TestNG.PersonalTest"/>
  <testcase name="personalHomeLoan" time="0.001" classname="com.qa.BankOfAmerica.AccountManagement.TestNG.PersonalTest"/>
  <testcase name="personalEducationLoan" time="0.001" classname="com.qa.BankOfAmerica.AccountManagement.TestNG.PersonalTest"/>
  <testcase name="personalAutoLoan" time="0.002" classname="com.qa.BankOfAmerica.AccountManagement.TestNG.PersonalTest"/>
</testsuite> <!-- com.qa.BankOfAmerica.AccountManagement.TestNG.PersonalTest -->
