<?xml version="1.0" encoding="UTF-8"?>
<!-- Generated by org.testng.reporters.JUnitReportReporter -->
<testsuite skipped="0" hostname="Dhruba" name="com.qa.BankOfAmerica.AccountManagement.Selenium.DataDriven" tests="3" failures="0" timestamp="04 Jan 2019 21:38:04 GMT" time="34.912" errors="0">
  <testcase name="registration" time="10.965" classname="com.qa.BankOfAmerica.AccountManagement.Selenium.DataDriven"/>
  <testcase name="logIn" time="16.315" classname="com.qa.BankOfAmerica.AccountManagement.Selenium.DataDriven"/>
  <testcase name="checkDataExtraction" time="7.632" classname="com.qa.BankOfAmerica.AccountManagement.Selenium.DataDriven"/>
</testsuite> <!-- com.qa.BankOfAmerica.AccountManagement.Selenium.DataDriven -->
